<?xml version="1.0" encoding="UTF-8" ?>
<testsuites>
 <testsuite name="RouteArgumentForm" timestamp="2016-08-02T10:40:25" hostname="localhost" time="0.033" errors="0" tests="1" skipped="0" disabled="0" failures="0">
  <testcase classname="RouteArgumentForm" name="should not have an id field" time="0.03" />
 </testsuite>
</testsuites>